

Processing HomeController#index (for 127.0.0.1 at 2010-11-13 19:51:14) [GET]
Rendering template within layouts/application
Rendering home/index
Completed in 107ms (View: 105, DB: 0) | 200 OK [http://localhost/]


Processing HomeController#index (for 127.0.0.1 at 2010-11-13 19:51:45) [GET]
Rendering template within layouts/application
Rendering home/index
Completed in 10ms (View: 9, DB: 0) | 200 OK [http://localhost/]


Processing HomeController#index (for 127.0.0.1 at 2010-11-13 19:52:10) [GET]
Rendering template within layouts/application
Rendering home/index
Completed in 4ms (View: 2, DB: 0) | 200 OK [http://localhost/]


Processing HomeController#index (for 127.0.0.1 at 2010-11-13 19:52:16) [GET]
Rendering template within layouts/application
Rendering home/index
Completed in 4ms (View: 2, DB: 0) | 200 OK [http://localhost/]


Processing HomeController#index (for 127.0.0.1 at 2010-11-13 19:52:21) [GET]
Rendering template within layouts/application
Rendering home/index
Completed in 4ms (View: 2, DB: 0) | 200 OK [http://localhost/]


Processing HomeController#index (for 127.0.0.1 at 2010-11-13 19:52:29) [GET]
Rendering template within layouts/application
Rendering home/index
Completed in 4ms (View: 2, DB: 0) | 200 OK [http://localhost/]


Processing HomeController#index (for 127.0.0.1 at 2010-11-13 19:53:14) [GET]
Rendering template within layouts/application
Rendering home/index
Completed in 8ms (View: 7, DB: 0) | 200 OK [http://localhost/]


Processing HomeController#index (for 127.0.0.1 at 2010-11-13 19:53:28) [GET]
Rendering template within layouts/application
Rendering home/index
Completed in 8ms (View: 7, DB: 0) | 200 OK [http://localhost/]


Processing HomeController#index (for 127.0.0.1 at 2010-11-13 19:53:42) [GET]
Rendering template within layouts/application
Rendering home/index
Completed in 4ms (View: 3, DB: 0) | 200 OK [http://localhost/]


Processing HomeController#index (for 127.0.0.1 at 2010-11-13 19:53:58) [GET]
Rendering template within layouts/application
Rendering home/index
Completed in 6ms (View: 3, DB: 0) | 200 OK [http://localhost/]


Processing HomeController#index (for 127.0.0.1 at 2010-11-13 19:55:04) [GET]
Rendering template within layouts/application
Rendering home/index
Completed in 4ms (View: 2, DB: 0) | 200 OK [http://localhost/]


Processing HomeController#index (for 127.0.0.1 at 2010-11-13 19:55:14) [GET]
Rendering template within layouts/application
Rendering home/index
Completed in 8ms (View: 6, DB: 0) | 200 OK [http://localhost/]


Processing HomeController#index (for 127.0.0.1 at 2010-11-13 19:55:19) [GET]
Rendering template within layouts/application
Rendering home/index
Completed in 4ms (View: 2, DB: 0) | 200 OK [http://localhost/]


Processing HomeController#index (for 127.0.0.1 at 2010-11-13 19:55:29) [GET]
Rendering template within layouts/application
Rendering home/index
Completed in 4ms (View: 3, DB: 0) | 200 OK [http://localhost/]


Processing HomeController#index (for 127.0.0.1 at 2010-11-13 19:56:17) [GET]
Rendering template within layouts/application
Rendering home/index
Completed in 6ms (View: 4, DB: 0) | 200 OK [http://localhost/]


Processing ApplicationController#index (for 127.0.0.1 at 2010-11-13 19:57:57) [GET]

SyntaxError (/Users/cshetty/Projects/althea/app/controllers/home_controller.rb:4: syntax error, unexpected ']', expecting tSTRING_CONTENT or tSTRING_DBEG or tSTRING_DVAR or tSTRING_END):
  

Rendered rescues/_trace (88.7ms)
Rendered rescues/_request_and_response (1.4ms)
Rendering rescues/layout (internal_server_error)


Processing HomeController#index (for 127.0.0.1 at 2010-11-13 19:58:12) [GET]
Rendering template within layouts/application
Rendering home/index
Completed in 9ms (View: 8, DB: 0) | 200 OK [http://localhost/]


Processing HomeController#search (for 127.0.0.1 at 2010-11-13 20:10:20) [GET]
Rendering template within layouts/application
Rendering home/search

ActionView::TemplateError (You have a nil object when you didn't expect it!
You might have expected an instance of Array.
The error occurred while evaluating nil.each) on line #2 of app/views/home/_tweets.html.erb:
1: <div class = "tweets">
2:     <% @tweets.each do |tweet| %>
3:         <div class = "tweet">
4:             <div><span><%= tweet.user %></span> | <span><%= tweet.text %></span></div>
5:             <div><%= tweet.video %>

    app/views/home/_tweets.html.erb:2
    app/views/home/search.html.erb:9

Rendered rescues/_trace (39.1ms)
Rendered rescues/_request_and_response (0.3ms)
Rendering rescues/layout (internal_server_error)


Processing HomeController#search (for 127.0.0.1 at 2010-11-13 20:10:46) [GET]

RuntimeError (nil):
  app/controllers/home_controller.rb:5:in `search'

Rendered rescues/_trace (91.5ms)
Rendered rescues/_request_and_response (0.3ms)
Rendering rescues/layout (internal_server_error)


Processing HomeController#search (for 127.0.0.1 at 2010-11-13 20:11:53) [GET]
Rendering template within layouts/application
Rendering home/search
Completed in 8ms (View: 6, DB: 0) | 200 OK [http://localhost/]


Processing HomeController#search (for 127.0.0.1 at 2010-11-13 20:11:57) [POST]
  Parameters: {"commit"=>"Search", "authenticity_token"=>"/8vlLxz6eeP4N12YxP1bSXtMXZ/Z/hRNHPQ5X3n2zWk=", "keyword"=>"bajaj"}
Rendering template within layouts/application
Rendering home/search
Rendered home/_tweets (0.1ms)
Completed in 25504ms (View: 4, DB: 0) | 200 OK [http://localhost/search]


Processing HomeController#search (for 127.0.0.1 at 2010-11-13 20:12:51) [GET]
Rendering template within layouts/application
Rendering home/search
Completed in 4ms (View: 2, DB: 0) | 200 OK [http://localhost/search]


Processing HomeController#search (for 127.0.0.1 at 2010-11-13 20:12:53) [POST]
  Parameters: {"commit"=>"Search", "authenticity_token"=>"/8vlLxz6eeP4N12YxP1bSXtMXZ/Z/hRNHPQ5X3n2zWk=", "keyword"=>"bajaj"}

TypeError (exception class/object expected):
  app/controllers/home_controller.rb:8:in `raise'
  app/controllers/home_controller.rb:8:in `search'

Rendered rescues/_trace (27.5ms)
Rendered rescues/_request_and_response (0.3ms)
Rendering rescues/layout (internal_server_error)


Processing HomeController#search (for 127.0.0.1 at 2010-11-13 20:18:17) [GET]
Rendering template within layouts/application
Rendering home/search
Completed in 3ms (View: 2, DB: 0) | 200 OK [http://localhost/search]


Processing HomeController#search (for 127.0.0.1 at 2010-11-13 20:18:20) [POST]
  Parameters: {"commit"=>"Search", "authenticity_token"=>"/8vlLxz6eeP4N12YxP1bSXtMXZ/Z/hRNHPQ5X3n2zWk=", "keyword"=>"bajaj"}

RuntimeError ([]):
  app/controllers/home_controller.rb:8:in `search'

Rendered rescues/_trace (25.8ms)
Rendered rescues/_request_and_response (0.3ms)
Rendering rescues/layout (internal_server_error)


Processing HomeController#search (for 127.0.0.1 at 2010-11-13 20:20:04) [GET]
Rendering template within layouts/application
Rendering home/search
Completed in 4ms (View: 2, DB: 0) | 200 OK [http://localhost/search]


Processing HomeController#search (for 127.0.0.1 at 2010-11-13 20:20:07) [POST]
  Parameters: {"commit"=>"Search", "authenticity_token"=>"/8vlLxz6eeP4N12YxP1bSXtMXZ/Z/hRNHPQ5X3n2zWk=", "keyword"=>"bajaj"}
Rendering template within layouts/application
Rendering home/search

ActionView::TemplateError (undefined method `empty' for []:Array) on line #2 of app/views/home/_tweets.html.erb:
1: <div class = "tweets">
2:     <% if @tweets.empty %>
3:         There are no tweets with video links for "<% @keyword %>"
4:     <% end %>
5:     <% @tweets.each do |tweet| %>

    app/views/home/_tweets.html.erb:2
    app/views/home/search.html.erb:9

Rendered rescues/_trace (37.4ms)
Rendered rescues/_request_and_response (0.3ms)
Rendering rescues/layout (internal_server_error)


Processing HomeController#search (for 127.0.0.1 at 2010-11-13 20:20:26) [GET]
Rendering template within layouts/application
Rendering home/search
Completed in 4ms (View: 2, DB: 0) | 200 OK [http://localhost/search]


Processing HomeController#search (for 127.0.0.1 at 2010-11-13 20:20:30) [POST]
  Parameters: {"commit"=>"Search", "authenticity_token"=>"/8vlLxz6eeP4N12YxP1bSXtMXZ/Z/hRNHPQ5X3n2zWk=", "keyword"=>"bajaj"}
Rendering template within layouts/application
Rendering home/search
Rendered home/_tweets (1.2ms)
Completed in 10553ms (View: 10, DB: 0) | 200 OK [http://localhost/search]


Processing HomeController#search (for 127.0.0.1 at 2010-11-13 20:20:58) [GET]
Rendering template within layouts/application
Rendering home/search
Completed in 4ms (View: 2, DB: 0) | 200 OK [http://localhost/search]


Processing HomeController#search (for 127.0.0.1 at 2010-11-13 20:21:01) [POST]
  Parameters: {"commit"=>"Search", "authenticity_token"=>"/8vlLxz6eeP4N12YxP1bSXtMXZ/Z/hRNHPQ5X3n2zWk=", "keyword"=>"video"}
Rendering template within layouts/application
Rendering home/search
Rendered home/_tweets (1.1ms)
Completed in 19863ms (View: 9, DB: 0) | 200 OK [http://localhost/search]


Processing HomeController#search (for 127.0.0.1 at 2010-11-13 20:21:51) [GET]
Rendering template within layouts/application
Rendering home/search
Completed in 4ms (View: 2, DB: 0) | 200 OK [http://localhost/search]


Processing HomeController#search (for 127.0.0.1 at 2010-11-13 20:21:55) [POST]
  Parameters: {"commit"=>"Search", "authenticity_token"=>"/8vlLxz6eeP4N12YxP1bSXtMXZ/Z/hRNHPQ5X3n2zWk=", "keyword"=>"video"}

RuntimeError ([#<Tweet:0x24c7438 @user="daiseikato", @video="http://www.youtube.com/watch?v=-nrz1dM1D7w&feature=youtu.be&a", @text="I uploaded a YouTube video -- Bulldog Twist/ブルドッグツイスト/BCV/ベンチャーズ/Jazz風 http://youtu.be/-nrz1dM1D7w?a">, #<Tweet:0x2496310 @user="BuildingPeople4", @video="http://www.youtube.com/watch?v=LOP43iugfSo&feature=youtu.be&a", @text="I uploaded a YouTube video -- noticias tvespa  hablan de Factores de transferencia http://youtu.be/LOP43iugfSo?a">, #<Tweet:0x247b22c @user="CapKleen", @video="http://www.youtube.com/watch?v=eFHeD4qdh-4", @text="@XxB3ACHxANG3LXx New!!! #WC @CapKleen &quot;Thank You&quot; VIDEO Directed By @WolphCreations http://www.youtube.com/watch?v=eFHeD4qdh-4 PLS RT">, #<Tweet:0x246d12c @user="traceyjoyrudio", @video="http://www.youtube.com/watch?v=I5HkrXDfKUE&feature=youtu.be&a", @text="I favorited a YouTube video -- Alex Thao - Statue (Cover) http://youtu.be/I5HkrXDfKUE?a">, #<Tweet:0x245facc @user="JustinHairFlip_", @video="http://www.youtube.com/watch?v=SfB6EPg5yaU&feature=youtu.be&a", @text="I uploaded a YouTube video -- PPG SAM NIGHT :) http://youtu.be/SfB6EPg5yaU?a">, #<Tweet:0x24489e4 @user="assetswork", @video="http://www.youtube.com/watch?v=cAkyKIvM9fI&feature=youtu.be&a", @text="I uploaded a YouTube video -- Video 10 http://youtu.be/cAkyKIvM9fI?a">, #<Tweet:0x242ad54 @user="lupwardb", @video="http://www.youtube.com/watch?v=0ebhUKulHrs&feature=autoshare", @text="I uploaded a YouTube video http://lnk.ms/GSqC5">, #<Tweet:0x241d258 @user="chris_london", @video="http://www.youtube.com/watch?v=KfQ3ijynR5w", @text="Christopher Hitchens video on Atheism http://www.youtube.com/watch?v=KfQ3ijynR5w #atheism #freethought">, #<Tweet:0x23fea88 @user="JayFingyMusic", @video="http://www.youtube.com/watch?v=7VEAG1zjosc&feature=youtu.be&a", @text="I favorited a YouTube video -- Startzy - Blow My Mind (Ft. Jay Alexander &amp; Cas Money) (... http://youtu.be/7VEAG1zjosc?a">]):
  app/controllers/home_controller.rb:8:in `search'

Rendered rescues/_trace (89.3ms)
Rendered rescues/_request_and_response (0.3ms)
Rendering rescues/layout (internal_server_error)


Processing HomeController#search (for 127.0.0.1 at 2010-11-13 20:23:40) [GET]
Rendering template within layouts/application
Rendering home/search
Completed in 3ms (View: 2, DB: 0) | 200 OK [http://localhost/search]


Processing HomeController#search (for 127.0.0.1 at 2010-11-13 20:23:46) [POST]
  Parameters: {"commit"=>"Search", "authenticity_token"=>"/8vlLxz6eeP4N12YxP1bSXtMXZ/Z/hRNHPQ5X3n2zWk=", "keyword"=>"video"}
Rendering template within layouts/application
Rendering home/search
Rendered home/_tweets (1.4ms)
Completed in 23003ms (View: 10, DB: 0) | 200 OK [http://localhost/search]


Processing HomeController#search (for 127.0.0.1 at 2010-11-13 20:24:29) [GET]
Rendering template within layouts/application
Rendering home/search
Completed in 7ms (View: 6, DB: 0) | 200 OK [http://localhost/search]


Processing HomeController#search (for 127.0.0.1 at 2010-11-13 20:24:32) [POST]
  Parameters: {"commit"=>"Search", "authenticity_token"=>"/8vlLxz6eeP4N12YxP1bSXtMXZ/Z/hRNHPQ5X3n2zWk=", "keyword"=>"video"}
Rendering template within layouts/application
Rendering home/search
Rendered home/_tweets (0.1ms)
Completed in 17103ms (View: 4, DB: 0) | 200 OK [http://localhost/search]


Processing HomeController#search (for 127.0.0.1 at 2010-11-13 20:25:29) [GET]
Rendering template within layouts/application
Rendering home/search
Completed in 4ms (View: 2, DB: 0) | 200 OK [http://localhost/search]


Processing HomeController#search (for 127.0.0.1 at 2010-11-13 20:25:33) [POST]
  Parameters: {"commit"=>"Search", "authenticity_token"=>"/8vlLxz6eeP4N12YxP1bSXtMXZ/Z/hRNHPQ5X3n2zWk=", "keyword"=>"india"}
Rendering template within layouts/application
Rendering home/search
Rendered home/_tweets (1.1ms)
Completed in 23918ms (View: 9, DB: 0) | 200 OK [http://localhost/search]


Processing HomeController#search (for 127.0.0.1 at 2010-11-13 20:26:05) [POST]
  Parameters: {"commit"=>"Search", "authenticity_token"=>"/8vlLxz6eeP4N12YxP1bSXtMXZ/Z/hRNHPQ5X3n2zWk=", "keyword"=>"video"}
Rendering template within layouts/application
Rendering home/search
Rendered home/_tweets (0.2ms)
Completed in 19279ms (View: 4, DB: 0) | 200 OK [http://localhost/search]


Processing HomeController#search (for 127.0.0.1 at 2010-11-13 20:26:37) [GET]
Rendering template within layouts/application
Rendering home/search
Completed in 4ms (View: 2, DB: 0) | 200 OK [http://localhost/search]


Processing HomeController#search (for 127.0.0.1 at 2010-11-13 20:26:40) [POST]
  Parameters: {"commit"=>"Search", "authenticity_token"=>"/8vlLxz6eeP4N12YxP1bSXtMXZ/Z/hRNHPQ5X3n2zWk=", "keyword"=>"video"}
Rendering template within layouts/application
Rendering home/search
Rendered home/_tweets (1.4ms)
Completed in 14776ms (View: 9, DB: 0) | 200 OK [http://localhost/search]


Processing HomeController#search (for 127.0.0.1 at 2010-11-13 20:27:12) [POST]
  Parameters: {"commit"=>"Search", "authenticity_token"=>"/8vlLxz6eeP4N12YxP1bSXtMXZ/Z/hRNHPQ5X3n2zWk=", "keyword"=>"video"}
Rendering template within layouts/application
Rendering home/search
Rendered home/_tweets (0.2ms)
Completed in 18188ms (View: 4, DB: 0) | 200 OK [http://localhost/search]
